SLURM_JOB_ID: 62135526
SLURM_JOB_USER: vsc30140
SLURM_JOB_ACCOUNT: lpt2_sysadmin
SLURM_JOB_NAME: parallel_multicore.slurm
SLURM_CLUSTER_NAME: wice
SLURM_JOB_PARTITION: batch_sapphirerapids
SLURM_NNODES: 1
SLURM_NODELIST: q16c03n1
SLURM_JOB_CPUS_PER_NODE: 4
Date: Mon Aug  5 15:05:02 CEST 2024
Walltime: 00-00:05:00
========================================================================
+ OMP_NUM_THREADS=2
+ ./dgemm.R --size 2000 --power 50 --nr_cores 2
Loading required package: iterators
Loading required package: parallel
          Min Diagonal Element Max Diagonal Element
result.1         -2.866311e+81         3.111863e+81
result.2         -3.488146e+81         2.039624e+81
result.3         -2.976609e+81         3.637665e+81
result.4         -2.683034e+81         2.586178e+81
result.5         -2.604349e+81         2.886687e+81
result.6         -2.968942e+81         2.346113e+81
result.7         -2.661497e+81         2.304063e+81
result.8         -2.054410e+81         2.872733e+81
result.9         -2.778488e+81         2.136960e+81
result.10        -2.503222e+81         2.400452e+81

real	0m32.716s
user	1m50.298s
sys	0m2.692s
