SLURM_JOB_ID: 62199210
SLURM_JOB_USER: vsc30140
SLURM_JOB_ACCOUNT: lpt2_sysadmin
SLURM_JOB_NAME: memory_and_walltime.slurm
SLURM_CLUSTER_NAME: wice
SLURM_JOB_PARTITION: batch_sapphirerapids
SLURM_NNODES: 1
SLURM_NODELIST: q16c03n1
SLURM_JOB_CPUS_PER_NODE: 4
Date: Tue Aug 13 17:28:09 CEST 2024
Walltime: 00-01:00:00
========================================================================

Lmod is automatically replacing "cluster/genius/login" with
"cluster/wice/batch_sapphirerapids".

SIZE=20000, POWER=10
+ OMP_NUM_THREADS=2
+ ./dgemm.R --size 20000 --power 10 --nr_cores 1
/var/spool/slurmd/job62199210/slurm_script: line 26: 3342842 Killed                  OMP_NUM_THREADS=$SLURM_CPUS_PER_TASK ./dgemm.R --size $SIZE --power $POWER --nr_cores 1

real	4m4.687s
user	7m50.509s
sys	0m3.826s
slurmstepd: error: Detected 1 oom_kill event in StepId=62199210.batch. Some of the step tasks have been OOM Killed.
